<?xml version="1.0" encoding="UTF-8"?>
<testsuite xmlns:xsi="http://www.w3.org/2001/XMLSchema-instance" xsi:noNamespaceSchemaLocation="https://maven.apache.org/surefire/maven-surefire-plugin/xsd/surefire-test-report-3.0.xsd" version="3.0" name="com.santander.bank.application.pagonxt.runner.MerchantOnBoardingIT" time="7.729" tests="1" errors="0" skipped="0" failures="0">
  <properties>
[...]
</properties>
  <testcase name="Validating that an Merchant On-boarding record is generated when a Large Enterprise is created by an Operator" classname="Testing the Merchant On-boarding Journey" time="7.658">
    <system-out><![CDATA[
@MerchantOnBoarding @MERCH-001 @Tryout
Scenario: Validating that an Merchant On-boarding record is generated when a Large Enterprise is created by an Operator &amp#27;[90m# src/test/resources/features/DashBoard.feature:10&amp#27;[0m
  &amp#27;[32mGiven &amp#27;[0m&amp#27;[32muser is at home page&amp#27;[0m                                                                                            &amp#27;[90m# com.santander.bank.application.pagonxt.steps.MerchantOnBoardingSteps.userIsOnHomePage()&amp#27;[0m
  &amp#27;[32mGiven &amp#27;[0m&amp#27;[32muser click the SSO button on home page&amp#27;[0m                                                                          &amp#27;[90m# com.santander.bank.application.pagonxt.steps.MerchantOnBoardingSteps.userClickSSOButtonIsOnHomePage()&amp#27;[0m
  &amp#27;[32mAnd &amp#27;[0m&amp#27;[32mUser is on &amp#27;[0m&amp#27;[32m&amp#27;[1m"Login"&amp#27;[0m&amp#27;[32m page&amp#27;[0m                                                                                           &amp#27;[90m# com.santander.bank.application.pagonxt.steps.MerchantOnBoardingSteps.user_is_on_page(java.lang.String)&amp#27;[0m
  &amp#27;[32mWhen &amp#27;[0m&amp#27;[32mUser is navigate to &amp#27;[0m&amp#27;[32m&amp#27;[1m"Dashboard Page"&amp#27;[0m                                                                             &amp#27;[90m# com.santander.bank.application.pagonxt.steps.MerchantOnBoardingSteps.user_is_navigate_to(java.lang.String)&amp#27;[0m
]]></system-out>
    <system-err><![CDATA[[main] INFO io.github.bonigarcia.wdm.WebDriverManager - Using geckodriver 0.33.0 (resolved driver for Firefox 115)
[main] INFO io.github.bonigarcia.wdm.WebDriverManager - Exporting webdriver.gecko.driver as /Users/vikassingh/.cache/selenium/geckodriver/mac64/0.33.0/geckodriver
Jul 21, 2023 4:06:23 PM org.openqa.selenium.remote.service.DriverService$Builder getLogOutput
INFO: Driver logs no longer sent to console by default; https://www.selenium.dev/documentation/webdriver/drivers/service/#setting-log-output
[main] INFO com.santander.test.automation.config.DriverUtil - Page load time is set to '60', and object load time is set to '60'
[main] INFO com.santander.test.automation.elements.PageElement - Entered value '476063@cognizant.com' in element 'email' of type 'TEXT_BOX'
[main] INFO com.santander.test.automation.elements.PageElement - Entered value '476063@cognizant.com' in element 'Continue' of type 'BUTTON'
[main] INFO com.santander.test.automation.elements.PageElement - Clicked element 'Continue with SSO' of type 'LINK'
]]></system-err>
  </testcase>
</testsuite>